2019-08-13 20:34:41  [ AWT-EventQueue-0:0 ] - [ INFO ]  源目录路径为：D:\Backup\桌面\source
2019-08-13 20:34:47  [ AWT-EventQueue-0:5771 ] - [ INFO ]  目标路径：D:\Backup\桌面\dest
2019-08-13 20:34:48  [ AWT-EventQueue-0:6932 ] - [ INFO ]  模块Module1下的版本有：
2019-08-13 20:34:48  [ AWT-EventQueue-0:6932 ] - [ INFO ]  20190305
2019-08-13 20:34:48  [ AWT-EventQueue-0:6933 ] - [ INFO ]  20190716
2019-08-13 20:34:48  [ AWT-EventQueue-0:6933 ] - [ INFO ]  20190807
2019-08-13 20:34:48  [ AWT-EventQueue-0:6934 ] - [ INFO ]  最新版本为：20190807
2019-08-13 20:34:48  [ AWT-EventQueue-0:6935 ] - [ INFO ]  模块Module2下的版本有：
2019-08-13 20:34:48  [ AWT-EventQueue-0:6935 ] - [ INFO ]  20181015
2019-08-13 20:34:48  [ AWT-EventQueue-0:6935 ] - [ INFO ]  20190619
2019-08-13 20:34:48  [ AWT-EventQueue-0:6936 ] - [ INFO ]  最新版本为：20190619
2019-08-13 20:34:48  [ AWT-EventQueue-0:6937 ] - [ INFO ]  模块Module3下的版本有：
2019-08-13 20:34:48  [ AWT-EventQueue-0:6937 ] - [ INFO ]  20190722
2019-08-13 20:34:48  [ AWT-EventQueue-0:6938 ] - [ INFO ]  20190810
2019-08-13 20:34:48  [ AWT-EventQueue-0:6938 ] - [ INFO ]  20190813
2019-08-13 20:34:48  [ AWT-EventQueue-0:6938 ] - [ INFO ]  20191020
2019-08-13 20:34:48  [ AWT-EventQueue-0:6939 ] - [ INFO ]  最新版本为：20191020
2019-08-13 20:34:48  [ AWT-EventQueue-0:6939 ] - [ INFO ]  所有模块的最新版本路径为：
2019-08-13 20:34:48  [ AWT-EventQueue-0:6939 ] - [ INFO ]  D:\Backup\桌面\source\Module1\20190807
2019-08-13 20:34:48  [ AWT-EventQueue-0:6939 ] - [ INFO ]  D:\Backup\桌面\source\Module2\20190619
2019-08-13 20:34:48  [ AWT-EventQueue-0:6940 ] - [ INFO ]  D:\Backup\桌面\source\Module3\20191020
2019-08-13 20:36:38  [ AWT-EventQueue-0:0 ] - [ INFO ]  源目录路径为：D:\Backup\桌面\source
2019-08-13 20:36:43  [ AWT-EventQueue-0:4941 ] - [ INFO ]  目标路径：D:\Backup\桌面\dest
2019-08-13 20:36:45  [ AWT-EventQueue-0:6346 ] - [ INFO ]  模块Module1下的版本有：
2019-08-13 20:36:45  [ AWT-EventQueue-0:6347 ] - [ INFO ]  20190305xdfff
2019-08-13 20:36:45  [ AWT-EventQueue-0:6347 ] - [ INFO ]  20190716fec
2019-08-13 20:36:45  [ AWT-EventQueue-0:6347 ] - [ INFO ]  20190807qww
2019-08-13 20:36:45  [ AWT-EventQueue-0:6347 ] - [ INFO ]  最新版本为：20190807qww
2019-08-13 20:36:45  [ AWT-EventQueue-0:6348 ] - [ INFO ]  模块Module2下的版本有：
2019-08-13 20:36:45  [ AWT-EventQueue-0:6348 ] - [ INFO ]  20181015fff
2019-08-13 20:36:45  [ AWT-EventQueue-0:6349 ] - [ INFO ]  20190619hl
2019-08-13 20:36:45  [ AWT-EventQueue-0:6349 ] - [ INFO ]  最新版本为：20190619hl
2019-08-13 20:36:45  [ AWT-EventQueue-0:6350 ] - [ INFO ]  模块Module3下的版本有：
2019-08-13 20:36:45  [ AWT-EventQueue-0:6350 ] - [ INFO ]  20190722eee
2019-08-13 20:36:45  [ AWT-EventQueue-0:6350 ] - [ INFO ]  20190810fd
2019-08-13 20:36:45  [ AWT-EventQueue-0:6351 ] - [ INFO ]  20190813jn
2019-08-13 20:36:45  [ AWT-EventQueue-0:6351 ] - [ INFO ]  20191020xvb
2019-08-13 20:36:45  [ AWT-EventQueue-0:6352 ] - [ INFO ]  最新版本为：20191020xvb
2019-08-13 20:36:45  [ AWT-EventQueue-0:6352 ] - [ INFO ]  所有模块的最新版本路径为：
2019-08-13 20:36:45  [ AWT-EventQueue-0:6352 ] - [ INFO ]  D:\Backup\桌面\source\Module1\20190807qww
2019-08-13 20:36:45  [ AWT-EventQueue-0:6352 ] - [ INFO ]  D:\Backup\桌面\source\Module2\20190619hl
2019-08-13 20:36:45  [ AWT-EventQueue-0:6352 ] - [ INFO ]  D:\Backup\桌面\source\Module3\20191020xvb
2019-08-13 20:53:32  [ AWT-EventQueue-0:0 ] - [ INFO ]  源目录路径为：D:\Backup\桌面\source
2019-08-13 20:53:37  [ AWT-EventQueue-0:4935 ] - [ INFO ]  目标路径：D:\Backup\桌面\dest
2019-08-13 20:53:38  [ AWT-EventQueue-0:6395 ] - [ ERROR ]  src\filterDir1.xml (系统找不到指定的文件。) Nested exception: src\filterDir1.xml (系统找不到指定的文件。)
2019-08-13 20:53:38  [ AWT-EventQueue-0:6405 ] - [ INFO ]  模块FilterModule1下的版本有：
2019-08-13 20:53:38  [ AWT-EventQueue-0:6406 ] - [ INFO ]  20191112
2019-08-13 20:53:38  [ AWT-EventQueue-0:6406 ] - [ INFO ]  20191203
2019-08-13 20:53:38  [ AWT-EventQueue-0:6407 ] - [ INFO ]  最新版本为：20191203
2019-08-13 20:53:38  [ AWT-EventQueue-0:6408 ] - [ INFO ]  模块FilterModule2下的版本有：
2019-08-13 20:53:38  [ AWT-EventQueue-0:6408 ] - [ INFO ]  20190909
2019-08-13 20:53:38  [ AWT-EventQueue-0:6408 ] - [ INFO ]  20190919
2019-08-13 20:53:38  [ AWT-EventQueue-0:6409 ] - [ INFO ]  最新版本为：20190919
2019-08-13 20:53:38  [ AWT-EventQueue-0:6410 ] - [ INFO ]  模块Module1下的版本有：
2019-08-13 20:53:38  [ AWT-EventQueue-0:6410 ] - [ INFO ]  20190305xdfff
2019-08-13 20:53:38  [ AWT-EventQueue-0:6411 ] - [ INFO ]  20190716fec
2019-08-13 20:53:38  [ AWT-EventQueue-0:6411 ] - [ INFO ]  20190807qww
2019-08-13 20:53:38  [ AWT-EventQueue-0:6411 ] - [ INFO ]  最新版本为：20190807qww
2019-08-13 20:53:38  [ AWT-EventQueue-0:6413 ] - [ INFO ]  模块Module2下的版本有：
2019-08-13 20:53:38  [ AWT-EventQueue-0:6413 ] - [ INFO ]  20181015fff
2019-08-13 20:53:38  [ AWT-EventQueue-0:6414 ] - [ INFO ]  20190619hl
2019-08-13 20:53:38  [ AWT-EventQueue-0:6414 ] - [ INFO ]  最新版本为：20190619hl
2019-08-13 20:53:38  [ AWT-EventQueue-0:6415 ] - [ INFO ]  模块Module3下的版本有：
2019-08-13 20:53:38  [ AWT-EventQueue-0:6415 ] - [ INFO ]  20190722eee
2019-08-13 20:53:38  [ AWT-EventQueue-0:6416 ] - [ INFO ]  20190810fd
2019-08-13 20:53:38  [ AWT-EventQueue-0:6416 ] - [ INFO ]  20190813jn
2019-08-13 20:53:38  [ AWT-EventQueue-0:6416 ] - [ INFO ]  20191020xvb
2019-08-13 20:53:38  [ AWT-EventQueue-0:6416 ] - [ INFO ]  最新版本为：20191020xvb
2019-08-13 20:53:38  [ AWT-EventQueue-0:6417 ] - [ INFO ]  所有模块的最新版本路径为：
2019-08-13 20:53:38  [ AWT-EventQueue-0:6417 ] - [ INFO ]  D:\Backup\桌面\source\FilterModule1\20191203
2019-08-13 20:53:38  [ AWT-EventQueue-0:6417 ] - [ INFO ]  D:\Backup\桌面\source\FilterModule2\20190919
2019-08-13 20:53:38  [ AWT-EventQueue-0:6417 ] - [ INFO ]  D:\Backup\桌面\source\Module1\20190807qww
2019-08-13 20:53:38  [ AWT-EventQueue-0:6418 ] - [ INFO ]  D:\Backup\桌面\source\Module2\20190619hl
2019-08-13 20:53:38  [ AWT-EventQueue-0:6418 ] - [ INFO ]  D:\Backup\桌面\source\Module3\20191020xvb
2019-08-13 20:53:38  [ AWT-EventQueue-0:6420 ] - [ INFO ]  目标路径文件夹D:\Backup\桌面\dest\FilterModule1\20191203建立成功
2019-08-13 20:53:38  [ AWT-EventQueue-0:6423 ] - [ INFO ]  目标路径文件夹D:\Backup\桌面\dest\FilterModule2\20190919建立成功
2019-08-13 20:53:38  [ AWT-EventQueue-0:6424 ] - [ INFO ]  目标路径文件夹D:\Backup\桌面\dest\Module1\20190807qww建立成功
2019-08-13 20:53:38  [ AWT-EventQueue-0:6426 ] - [ INFO ]  目标路径文件夹D:\Backup\桌面\dest\Module2\20190619hl建立成功
2019-08-13 20:53:38  [ AWT-EventQueue-0:6428 ] - [ INFO ]  目标路径文件夹D:\Backup\桌面\dest\Module3\20191020xvb建立成功
